\BOOKMARK [1][-]{section.0.1}{Introduction}{}% 1
\BOOKMARK [2][-]{subsection.0.1.1}{Extrasolar Planets}{section.0.1}% 2
\BOOKMARK [2][-]{subsection.0.1.2}{Detection Methods}{section.0.1}% 3
\BOOKMARK [2][-]{subsection.0.1.3}{Statistical Properties of Known Exoplanets}{section.0.1}% 4
\BOOKMARK [2][-]{subsection.0.1.4}{LCOGT Observatories}{section.0.1}% 5
\BOOKMARK [1][-]{section.0.2}{Observed Exoplanets}{}% 6
\BOOKMARK [2][-]{subsection.0.2.1}{Selection Criteria}{section.0.2}% 7
\BOOKMARK [1][-]{section.0.3}{Methodology}{}% 8
\BOOKMARK [2][-]{subsection.0.3.1}{Data Collection}{section.0.3}% 9
\BOOKMARK [2][-]{subsection.0.3.2}{Data Analysis}{section.0.3}% 10
\BOOKMARK [2][-]{subsection.0.3.3}{Modelling the Transit with the Exoplanet Pixelisation Transit Model}{section.0.3}% 11
\BOOKMARK [2][-]{subsection.0.3.4}{Error Analysis}{section.0.3}% 12
\BOOKMARK [1][-]{section.0.4}{Results}{}% 13
\BOOKMARK [2][-]{subsection.0.4.1}{Practice Data Set: QATAR-1b}{section.0.4}% 14
\BOOKMARK [2][-]{subsection.0.4.2}{Observed Data}{section.0.4}% 15
\BOOKMARK [2][-]{subsection.0.4.3}{Known Transiting Datasets}{section.0.4}% 16
\BOOKMARK [1][-]{section.0.5}{Conclusions}{}% 17
\BOOKMARK [1][-]{section.0.6}{Future Work}{}% 18
\BOOKMARK [1][-]{section.0.7}{Acknowledgements}{}% 19
\BOOKMARK [1][-]{section.Alph0.1}{Appendix: EPTM Code}{}% 20
